<?xml version="1.0" encoding="UTF-8"?>
<testsuite name="Qualifications" tests="1" skipped="0" failures="0" errors="0" timestamp="2021-07-16T01:10:51" hostname="192.168.1.11" time="19.344">
  <properties/>
  <testcase name="AddDeleteMembership()" classname="Qualifications" time="19.344"/>
  <system-out><![CDATA[]]></system-out>
  <system-err><![CDATA[Starting ChromeDriver 91.0.4472.101 (af52a90bf87030dd1523486a1cd3ae25c5d76c9b-refs/branch-heads/4472@{#1462}) on port 17489
Only local connections are allowed.
Please see https://chromedriver.chromium.org/security-considerations for suggestions on keeping ChromeDriver safe.
ChromeDriver was started successfully.
Jul. 16, 2021 3:10:52 A.M. org.openqa.selenium.remote.ProtocolHandshake createSession
INFO: Detected dialect: W3C
]]></system-err>
</testsuite>
